<?xml version="1.0" encoding="UTF-8"?>
<testng-results ignored="0" total="1" passed="0" failed="1" skipped="0">
  <reporter-output>
    <line>
      <![CDATA[++server connected successfully==]]>
    </line>
    <line>
      <![CDATA[++database connected successfully==]]>
    </line>
    <line>
      <![CDATA[browserchromelaunched successfully]]>
    </line>
    <line>
      <![CDATA[++database closed successfully==]]>
    </line>
    <line>
      <![CDATA[++server closed successfully==]]>
    </line>
  </reporter-output>
  <suite started-at="2025-05-31T06:05:44Z" name="Default suite" finished-at="2025-05-31T06:05:55Z" duration-ms="10449">
    <groups>
    </groups>
    <test started-at="2025-05-31T06:05:44Z" name="Default test" finished-at="2025-05-31T06:05:55Z" duration-ms="10449">
      <class name="com.Ecommerce.testscripts.loginModule.ValidLoginTest">
        <test-method is-config="true" signature="toConnectServer()[pri:0, instance:com.Ecommerce.testscripts.loginModule.ValidLoginTest@59402b8f]" started-at="2025-05-31T06:05:44Z" name="toConnectServer" finished-at="2025-05-31T06:05:44Z" duration-ms="9" status="PASS">
          <reporter-output>
            <line>
              <![CDATA[++server connected successfully==]]>
            </line>
          </reporter-output>
        </test-method> <!-- toConnectServer -->
        <test-method is-config="true" signature="toConnectDataBase()[pri:0, instance:com.Ecommerce.testscripts.loginModule.ValidLoginTest@59402b8f]" started-at="2025-05-31T06:05:44Z" name="toConnectDataBase" finished-at="2025-05-31T06:05:44Z" duration-ms="0" status="PASS">
          <reporter-output>
            <line>
              <![CDATA[++database connected successfully==]]>
            </line>
          </reporter-output>
        </test-method> <!-- toConnectDataBase -->
        <test-method is-config="true" signature="setUp()[pri:0, instance:com.Ecommerce.testscripts.loginModule.ValidLoginTest@59402b8f]" started-at="2025-05-31T06:05:44Z" name="setUp" finished-at="2025-05-31T06:05:52Z" duration-ms="7979" status="PASS">
          <reporter-output>
            <line>
              <![CDATA[browserchromelaunched successfully]]>
            </line>
          </reporter-output>
        </test-method> <!-- setUp -->
        <test-method signature="login()[pri:0, instance:com.Ecommerce.testscripts.loginModule.ValidLoginTest@59402b8f]" started-at="2025-05-31T06:05:52Z" name="login" finished-at="2025-05-31T06:05:54Z" duration-ms="2234" status="FAIL">
          <exception class="java.lang.AssertionError">
            <message>
              <![CDATA[The following asserts failed:
expected [false] but found [true]]]>
            </message>
            <full-stacktrace>
              <![CDATA[java.lang.AssertionError: The following asserts failed:
expected [false] but found [true]
at org.testng.asserts.SoftAssert.assertAll(SoftAssert.java:43)
at com.Ecommerce.testscripts.loginModule.ValidLoginTest.login(ValidLoginTest.java:23)
at java.base/jdk.internal.reflect.DirectMethodHandleAccessor.invoke(DirectMethodHandleAccessor.java:103)
at java.base/java.lang.reflect.Method.invoke(Method.java:580)
at org.testng.internal.MethodInvocationHelper.invokeMethod(MethodInvocationHelper.java:124)
at org.testng.internal.Invoker.invokeMethod(Invoker.java:583)
at org.testng.internal.Invoker.invokeTestMethod(Invoker.java:719)
at org.testng.internal.Invoker.invokeTestMethods(Invoker.java:989)
at org.testng.internal.TestMethodWorker.invokeTestMethods(TestMethodWorker.java:125)
at org.testng.internal.TestMethodWorker.run(TestMethodWorker.java:109)
at org.testng.TestRunner.privateRun(TestRunner.java:648)
at org.testng.TestRunner.run(TestRunner.java:505)
at org.testng.SuiteRunner.runTest(SuiteRunner.java:455)
at org.testng.SuiteRunner.runSequentially(SuiteRunner.java:450)
at org.testng.SuiteRunner.privateRun(SuiteRunner.java:415)
at org.testng.SuiteRunner.run(SuiteRunner.java:364)
at org.testng.SuiteRunnerWorker.runSuite(SuiteRunnerWorker.java:52)
at org.testng.SuiteRunnerWorker.run(SuiteRunnerWorker.java:84)
at org.testng.TestNG.runSuitesSequentially(TestNG.java:1208)
at org.testng.TestNG.runSuitesLocally(TestNG.java:1137)
at org.testng.TestNG.runSuites(TestNG.java:1049)
at org.testng.TestNG.run(TestNG.java:1017)
at org.testng.remote.AbstractRemoteTestNG.run(AbstractRemoteTestNG.java:115)
at org.testng.remote.RemoteTestNG.initAndRun(RemoteTestNG.java:293)
at org.testng.remote.RemoteTestNG.main(RemoteTestNG.java:91)
]]>
            </full-stacktrace>
          </exception> <!-- java.lang.AssertionError -->
          <reporter-output>
          </reporter-output>
        </test-method> <!-- login -->
        <test-method is-config="true" signature="tearDown()[pri:0, instance:com.Ecommerce.testscripts.loginModule.ValidLoginTest@59402b8f]" started-at="2025-05-31T06:05:54Z" name="tearDown" finished-at="2025-05-31T06:05:55Z" duration-ms="207" status="PASS">
          <reporter-output>
          </reporter-output>
        </test-method> <!-- tearDown -->
        <test-method is-config="true" signature="toCloseDataBase()[pri:0, instance:com.Ecommerce.testscripts.loginModule.ValidLoginTest@59402b8f]" started-at="2025-05-31T06:05:55Z" name="toCloseDataBase" finished-at="2025-05-31T06:05:55Z" duration-ms="0" status="PASS">
          <reporter-output>
            <line>
              <![CDATA[++database closed successfully==]]>
            </line>
          </reporter-output>
        </test-method> <!-- toCloseDataBase -->
        <test-method is-config="true" signature="tocloseServer()[pri:0, instance:com.Ecommerce.testscripts.loginModule.ValidLoginTest@59402b8f]" started-at="2025-05-31T06:05:55Z" name="tocloseServer" finished-at="2025-05-31T06:05:55Z" duration-ms="1" status="PASS">
          <reporter-output>
            <line>
              <![CDATA[++server closed successfully==]]>
            </line>
          </reporter-output>
        </test-method> <!-- tocloseServer -->
      </class> <!-- com.Ecommerce.testscripts.loginModule.ValidLoginTest -->
    </test> <!-- Default test -->
  </suite> <!-- Default suite -->
</testng-results>
