<?xml version="1.0" encoding="UTF-8"?>
<!-- Generated by org.testng.reporters.JUnitXMLReporter -->
<testsuite ignored="19" hostname="LAPTOP-F89H35CK" failures="2" tests="2" name="Test" time="0.098" errors="0" timestamp="07 Jun 2025 05:07:53 GMT">
  <testcase classname="com.Ecommerce.genericLibrary.BaseClass" name="@AfterClass tearDown" time="0.001">
    <failure type="java.lang.NullPointerException" message="Cannot invoke &amp;quot;org.openqa.selenium.WebDriver.quit()&amp;quot; because &amp;quot;com.Ecommerce.genericLibrary.BaseClass.driver&amp;quot; is null">
      <![CDATA[java.lang.NullPointerException: Cannot invoke "org.openqa.selenium.WebDriver.quit()" because "com.Ecommerce.genericLibrary.BaseClass.driver" is null
at com.Ecommerce.genericLibrary.BaseClass.tearDown(BaseClass.java:69)
... Removed 24 stack frames]]>
    </failure>
  </testcase> <!-- @AfterClass tearDown -->
  <testcase classname="com.Ecommerce.genericLibrary.BaseClass" name="@AfterClass tearDown" time="0.0">
    <failure type="java.lang.NullPointerException" message="Cannot invoke &amp;quot;org.openqa.selenium.WebDriver.quit()&amp;quot; because &amp;quot;com.Ecommerce.genericLibrary.BaseClass.driver&amp;quot; is null">
      <![CDATA[java.lang.NullPointerException: Cannot invoke "org.openqa.selenium.WebDriver.quit()" because "com.Ecommerce.genericLibrary.BaseClass.driver" is null
at com.Ecommerce.genericLibrary.BaseClass.tearDown(BaseClass.java:69)
... Removed 24 stack frames]]>
    </failure>
  </testcase> <!-- @AfterClass tearDown -->
  <testcase classname="com.Ecommerce.testscripts.loginModule.ValidLoginTest" name="login" time="0.043">
    <failure type="java.lang.NullPointerException" message="Cannot invoke &amp;quot;org.openqa.selenium.SearchContext.findElement(org.openqa.selenium.By)&amp;quot; because &amp;quot;this.searchContext&amp;quot; is null">
      <![CDATA[java.lang.NullPointerException: Cannot invoke "org.openqa.selenium.SearchContext.findElement(org.openqa.selenium.By)" because "this.searchContext" is null
at org.openqa.selenium.support.pagefactory.DefaultElementLocator.findElement(DefaultElementLocator.java:68)
at org.openqa.selenium.support.pagefactory.internal.LocatingElementHandler.invoke(LocatingElementHandler.java:38)
at jdk.proxy2/jdk.proxy2.$Proxy18.isDisplayed(Unknown Source)
at com.Ecommerce.testscripts.loginModule.ValidLoginTest.login(ValidLoginTest.java:19)
... Removed 23 stack frames]]>
    </failure>
  </testcase> <!-- login -->
  <testcase classname="com.Ecommerce.testscripts.addToCartModule.AddToCartTest" name="login" time="0.004">
    <failure type="java.lang.NullPointerException" message="Cannot invoke &amp;quot;org.openqa.selenium.SearchContext.findElement(org.openqa.selenium.By)&amp;quot; because &amp;quot;this.searchContext&amp;quot; is null">
      <![CDATA[java.lang.NullPointerException: Cannot invoke "org.openqa.selenium.SearchContext.findElement(org.openqa.selenium.By)" because "this.searchContext" is null
at org.openqa.selenium.support.pagefactory.DefaultElementLocator.findElement(DefaultElementLocator.java:68)
at org.openqa.selenium.support.pagefactory.internal.LocatingElementHandler.invoke(LocatingElementHandler.java:38)
at jdk.proxy2/jdk.proxy2.$Proxy18.isDisplayed(Unknown Source)
at com.Ecommerce.testscripts.addToCartModule.AddToCartTest.login(AddToCartTest.java:22)
... Removed 23 stack frames]]>
    </failure>
  </testcase> <!-- login -->
  <testcase classname="com.Ecommerce.genericLibrary.BaseClass" name="@AfterTest toCloseDataBase" time="0.0">
    <ignored/>
  </testcase> <!-- @AfterTest toCloseDataBase -->
  <testcase classname="com.Ecommerce.genericLibrary.BaseClass" name="@AfterTest toCloseDataBase" time="0.0">
    <ignored/>
  </testcase> <!-- @AfterTest toCloseDataBase -->
  <testcase classname="com.Ecommerce.genericLibrary.BaseClass" name="@AfterTest toCloseDataBase" time="0.0">
    <ignored/>
  </testcase> <!-- @AfterTest toCloseDataBase -->
  <testcase classname="com.Ecommerce.genericLibrary.BaseClass" name="@AfterTest toCloseDataBase" time="0.0">
    <ignored/>
  </testcase> <!-- @AfterTest toCloseDataBase -->
  <testcase classname="com.Ecommerce.genericLibrary.BaseClass" name="@BeforeSuite toConnectServer" time="0.0">
    <ignored/>
  </testcase> <!-- @BeforeSuite toConnectServer -->
  <testcase classname="com.Ecommerce.genericLibrary.BaseClass" name="@BeforeSuite toConnectServer" time="0.0">
    <ignored/>
  </testcase> <!-- @BeforeSuite toConnectServer -->
  <testcase classname="com.Ecommerce.genericLibrary.BaseClass" name="@BeforeSuite toConnectServer" time="0.0">
    <ignored/>
  </testcase> <!-- @BeforeSuite toConnectServer -->
  <testcase classname="com.Ecommerce.genericLibrary.BaseClass" name="@BeforeSuite toConnectServer" time="0.0">
    <ignored/>
  </testcase> <!-- @BeforeSuite toConnectServer -->
  <testcase classname="com.Ecommerce.testscripts.loginModule.InvalidLoginTest" name="invalidlogin" time="0.0">
    <ignored/>
  </testcase> <!-- invalidlogin -->
  <testcase classname="com.Ecommerce.testscripts.registerModule.RegisterTest" name="register" time="0.0">
    <ignored/>
  </testcase> <!-- register -->
  <testcase classname="com.Ecommerce.genericLibrary.BaseClass" name="@BeforeTest toConnectDataBase" time="0.0">
    <ignored/>
  </testcase> <!-- @BeforeTest toConnectDataBase -->
  <testcase classname="com.Ecommerce.genericLibrary.BaseClass" name="@BeforeTest toConnectDataBase" time="0.0">
    <ignored/>
  </testcase> <!-- @BeforeTest toConnectDataBase -->
  <testcase classname="com.Ecommerce.genericLibrary.BaseClass" name="@BeforeTest toConnectDataBase" time="0.0">
    <ignored/>
  </testcase> <!-- @BeforeTest toConnectDataBase -->
  <testcase classname="com.Ecommerce.genericLibrary.BaseClass" name="@BeforeTest toConnectDataBase" time="0.0">
    <ignored/>
  </testcase> <!-- @BeforeTest toConnectDataBase -->
  <testcase classname="com.Ecommerce.genericLibrary.BaseClass" name="@AfterSuite tocloseServer" time="0.0">
    <ignored/>
  </testcase> <!-- @AfterSuite tocloseServer -->
  <testcase classname="com.Ecommerce.genericLibrary.BaseClass" name="@AfterSuite tocloseServer" time="0.0">
    <ignored/>
  </testcase> <!-- @AfterSuite tocloseServer -->
  <testcase classname="com.Ecommerce.genericLibrary.BaseClass" name="@AfterSuite tocloseServer" time="0.0">
    <ignored/>
  </testcase> <!-- @AfterSuite tocloseServer -->
  <testcase classname="com.Ecommerce.genericLibrary.BaseClass" name="@AfterSuite tocloseServer" time="0.0">
    <ignored/>
  </testcase> <!-- @AfterSuite tocloseServer -->
  <testcase classname="com.Ecommerce.testscripts.addToCartModule.AddToCartTest" name="addToCart" time="0.0">
    <ignored/>
  </testcase> <!-- addToCart -->
</testsuite> <!-- Test -->
